Servidor en el puerto 4041
DB is Connected
[0mGET /intranet [36m302[0m 14.985 ms - 62[0m
[0mGET /clientes [32m200[0m 143.154 ms - 4054[0m
[0mGET /css/intranet/common/common-header.css [32m200[0m 26.669 ms - 3861[0m
[0mGET /css/intranet/common/common-left-menu.css [32m200[0m 25.216 ms - 1822[0m
[0mGET /css/intranet/common/common-main-container.css [32m200[0m 26.823 ms - 1033[0m
[0mGET /css/intranet/common/common.css [32m200[0m 26.343 ms - 749[0m
[0mGET /css/intranet/common/common-spinner.css [32m200[0m 27.307 ms - 2711[0m
[0mGET /css/intranet/inicio/inicio.css [32m200[0m 24.642 ms - 3153[0m
[0mGET /scripts/intranet/common/common-spinner.js [32m200[0m 24.166 ms - 390[0m
[0mGET /scripts/intranet/inicio/graficos.js [32m200[0m 18.831 ms - 376[0m
[0mGET /scripts/intranet/common/common.js [32m200[0m 18.739 ms - 225[0m
[0mGET /scripts/intranet/common/header.js [32m200[0m 18.541 ms - 773[0m
[0mGET /scripts/utils/jquery-3.6.0.js [32m200[0m 19.169 ms - 89503[0m
[0mGET /scripts/intranet/inicio/en/inicio.js [32m200[0m 19.208 ms - 173[0m
[0mGET /images/corporative/JQ_logo.png [32m200[0m 19.363 ms - 72166[0m
[0mGET /fonts/Roboto-Regular.ttf [32m200[0m 15.538 ms - 168260[0m
[0mGET /favicon.jpg [32m200[0m 3.282 ms - 2534[0m
[0mGET /clientes/controles [36m302[0m 5.998 ms - 86[0m
[0mGET /clientes/controles/1 [32m200[0m 288.650 ms - 15979[0m
[0mGET /css/intranet/common/common-left-menu.css [32m200[0m 25.928 ms - 1822[0m
[0mGET /css/intranet/common/common-main-container.css [32m200[0m 24.323 ms - 1033[0m
[0mGET /css/intranet/controles/controles-list.css [32m200[0m 24.385 ms - 1382[0m
[0mGET /css/intranet/common/common-spinner.css [32m200[0m 24.161 ms - 2711[0m
[0mGET /css/intranet/common/common.css [32m200[0m 24.017 ms - 749[0m
[0mGET /css/intranet/common/common-list-table.css [32m200[0m 23.887 ms - 793[0m
[0mGET /css/intranet/common/common-header.css [32m200[0m 25.291 ms - 3861[0m
[0mGET /css/intranet/common/common-search.css [32m200[0m 22.232 ms - 1647[0m
[0mGET /scripts/intranet/common/common-spinner.js [32m200[0m 26.247 ms - 390[0m
[0mGET /scripts/intranet/common/common.js [32m200[0m 17.842 ms - 225[0m
[0mGET /scripts/intranet/controles/controles-list.js [32m200[0m 17.660 ms - 1763[0m
[0mGET /scripts/intranet/common/header.js [32m200[0m 17.303 ms - 773[0m
[0mGET /scripts/intranet/common/common-search.js [32m200[0m 17.323 ms - 112[0m
[0mGET /scripts/utils/jquery-3.6.0.js [32m200[0m 17.672 ms - 89503[0m
[0mGET /images/corporative/JQ_logo.png [32m200[0m 18.810 ms - 72166[0m
[0mGET /fonts/Roboto-Regular.ttf [32m200[0m 2.777 ms - 168260[0m
[0mGET /favicon.jpg [32m200[0m 2.879 ms - 2534[0m
[0mGET /intranet [36m302[0m 3.716 ms - 62[0m
[0mGET /clientes [32m200[0m 138.643 ms - 4057[0m
[0mGET /css/intranet/common/common-left-menu.css [32m200[0m 25.413 ms - 1822[0m
[0mGET /css/intranet/common/common-main-container.css [32m200[0m 23.768 ms - 1033[0m
[0mGET /css/intranet/common/common-header.css [32m200[0m 23.619 ms - 3861[0m
[0mGET /css/intranet/common/common.css [32m200[0m 23.525 ms - 749[0m
[0mGET /css/intranet/common/common-spinner.css [32m200[0m 23.680 ms - 2711[0m
[0mGET /css/intranet/inicio/inicio.css [32m200[0m 22.964 ms - 3153[0m
[0mGET /scripts/intranet/common/common-spinner.js [32m200[0m 22.923 ms - 390[0m
[0mGET /scripts/intranet/common/header.js [32m200[0m 21.444 ms - 773[0m
[0mGET /scripts/intranet/common/common.js [32m200[0m 21.460 ms - 225[0m
[0mGET /scripts/utils/jquery-3.6.0.js [32m200[0m 21.486 ms - 89503[0m
[0mGET /scripts/intranet/inicio/graficos.js [32m200[0m 21.246 ms - 376[0m
[0mGET /scripts/intranet/inicio/en/inicio.js [32m200[0m 23.316 ms - 173[0m
[0mGET /images/corporative/JQ_logo.png [32m200[0m 21.957 ms - 72166[0m
[0mGET /fonts/Roboto-Regular.ttf [32m200[0m 23.656 ms - 168260[0m
[0mGET /favicon.jpg [32m200[0m 5.646 ms - 2534[0m
[0mGET /clientes/controles/en [36m302[0m 7.892 ms - 92[0m
[0mGET /clientes/controles/en/1 [32m200[0m 191.431 ms - 16064[0m
[0mGET /css/intranet/common/common-header.css [32m200[0m 22.118 ms - 3861[0m
[0mGET /css/intranet/common/common-main-container.css [32m200[0m 26.584 ms - 1033[0m
[0mGET /css/intranet/common/common-left-menu.css [32m200[0m 25.125 ms - 1822[0m
[0mGET /css/intranet/controles/controles-list.css [32m200[0m 23.913 ms - 1382[0m
[0mGET /css/intranet/common/common-spinner.css [32m200[0m 23.664 ms - 2711[0m
[0mGET /css/intranet/common/common.css [32m200[0m 24.163 ms - 749[0m
[0mGET /scripts/intranet/common/common-spinner.js [32m200[0m 24.050 ms - 390[0m
[0mGET /css/intranet/common/common-list-table.css [32m200[0m 24.887 ms - 793[0m
[0mGET /css/intranet/common/common-search.css [32m200[0m 28.532 ms - 1647[0m
[0mGET /scripts/intranet/controles/en/controles-list.js [32m200[0m 20.725 ms - 1791[0m
[0mGET /scripts/intranet/common/common.js [32m200[0m 20.523 ms - 225[0m
[0mGET /scripts/intranet/common/header.js [32m200[0m 20.403 ms - 773[0m
[0mGET /scripts/intranet/common/common-search.js [32m200[0m 19.906 ms - 112[0m
[0mGET /scripts/utils/jquery-3.6.0.js [32m200[0m 21.553 ms - 89503[0m
[0mGET /images/corporative/JQ_logo.png [32m200[0m 20.326 ms - 72166[0m
[0mGET /fonts/Roboto-Regular.ttf [32m200[0m 15.306 ms - 168260[0m
[0mGET /favicon.jpg [32m200[0m 2.785 ms - 2534[0m
[0mGET /clientes/controles/en/4 [32m200[0m 140.671 ms - 14396[0m
[0mGET /css/intranet/common/common-header.css [32m200[0m 23.845 ms - 3861[0m
[0mGET /css/intranet/common/common-left-menu.css [32m200[0m 23.338 ms - 1822[0m
[0mGET /css/intranet/common/common.css [32m200[0m 22.898 ms - 749[0m
[0mGET /css/intranet/common/common-main-container.css [32m200[0m 22.419 ms - 1033[0m
[0mGET /css/intranet/common/common-spinner.css [32m200[0m 21.915 ms - 2711[0m
[0mGET /css/intranet/common/common-search.css [32m200[0m 21.426 ms - 1647[0m
[0mGET /css/intranet/common/common-list-table.css [32m200[0m 20.953 ms - 793[0m
[0mGET /scripts/intranet/common/common-spinner.js [32m200[0m 20.433 ms - 390[0m
[0mGET /css/intranet/controles/controles-list.css [32m200[0m 19.653 ms - 1382[0m
[0mGET /scripts/intranet/common/header.js [32m200[0m 14.573 ms - 773[0m
[0mGET /scripts/intranet/common/common.js [32m200[0m 15.098 ms - 225[0m
[0mGET /scripts/utils/jquery-3.6.0.js [32m200[0m 15.858 ms - 89503[0m
[0mGET /scripts/intranet/controles/en/controles-list.js [32m200[0m 14.939 ms - 1791[0m
[0mGET /scripts/intranet/common/common-search.js [32m200[0m 15.118 ms - 112[0m
[0mGET /images/corporative/JQ_logo.png [32m200[0m 15.376 ms - 72166[0m
[0mGET /fonts/Roboto-Regular.ttf [32m200[0m 16.963 ms - 168260[0m
[0mGET /favicon.jpg [32m200[0m 3.314 ms - 2534[0m
[0mGET /clientes/controles/en/3 [32m200[0m 80.997 ms - 14396[0m
[0mGET /css/intranet/common/common-spinner.css [32m200[0m 21.681 ms - 2711[0m
[0mGET /css/intranet/common/common.css [32m200[0m 21.744 ms - 749[0m
[0mGET /css/intranet/common/common-search.css [32m200[0m 21.738 ms - 1647[0m
[0mGET /css/intranet/common/common-list-table.css [32m200[0m 21.692 ms - 793[0m
[0mGET /css/intranet/common/common-left-menu.css [32m200[0m 21.533 ms - 1822[0m
[0mGET /css/intranet/common/common-main-container.css [32m200[0m 21.458 ms - 1033[0m
[0mGET /css/intranet/controles/controles-list.css [32m200[0m 21.301 ms - 1382[0m
[0mGET /css/intranet/common/common-header.css [32m200[0m 20.939 ms - 3861[0m
[0mGET /scripts/intranet/common/common-spinner.js [32m200[0m 20.842 ms - 390[0m
[0mGET /scripts/intranet/common/common-search.js [32m200[0m 24.192 ms - 112[0m
[0mGET /scripts/intranet/common/common.js [32m200[0m 20.602 ms - 225[0m
[0mGET /scripts/intranet/common/header.js [32m200[0m 20.333 ms - 773[0m
[0mGET /scripts/intranet/controles/en/controles-list.js [32m200[0m 20.126 ms - 1791[0m
[0mGET /scripts/utils/jquery-3.6.0.js [32m200[0m 21.884 ms - 89503[0m
[0mGET /images/corporative/JQ_logo.png [32m200[0m 19.842 ms - 72166[0m
[0mGET /fonts/Roboto-Regular.ttf [32m200[0m 17.625 ms - 168260[0m
[0mGET /favicon.jpg [32m200[0m 2.624 ms - 2534[0m
[0mGET /intranet/logout [36m302[0m 10.119 ms - 46[0m
[0mGET / [32m200[0m 21.447 ms - 14415[0m
[0mGET /css/corporative/spinner.css [32m200[0m 5.136 ms - 584[0m
[0mGET /scripts/corporative/spinner.js [32m200[0m 4.124 ms - -[0m
[0mGET /css/corporative/styles.css [32m200[0m 3.514 ms - 244[0m
[0mGET /images/corporative/JQ_linkedin.png [32m200[0m 3.315 ms - 16677[0m
[0mGET /images/corporative/JQ_logo.png [32m200[0m 2.761 ms - 72166[0m
[0mGET /images/corporative/JQ_english.png [32m200[0m 33.526 ms - 18011[0m
[0mGET /images/corporative/JQ_espa%C3%B1ol.png [32m200[0m 33.114 ms - 16122[0m
[0mGET /images/corporative/JQ_cualificacion.png [32m200[0m 29.732 ms - 16099[0m
[0mGET /images/corporative/JQ_conocimiento.png [32m200[0m 29.348 ms - 21236[0m
[0mGET /images/corporative/JQ_informes.png [32m200[0m 28.825 ms - 14449[0m
[0mGET /images/corporative/JQ_porximidad.png [32m200[0m 28.360 ms - 17054[0m
[0mGET /images/corporative/JQ_sobre.png [32m200[0m 27.374 ms - 13866[0m
[0mGET /images/corporative/JQ_30a%C3%B1os.png [32m200[0m 31.361 ms - 71248[0m
[0mGET /images/corporative/JQ_auriculares.png [32m200[0m 24.519 ms - 16245[0m
[0mGET /images/corporative/brc-logo.jpeg [32m200[0m 22.128 ms - 8616[0m
[0mGET /images/corporative/mh-logo.jpeg [32m200[0m 21.584 ms - 7755[0m
[0mGET /images/corporative/ifs-logo.jpeg [32m200[0m 23.712 ms - 9464[0m
[0mGET /images/corporative/gap-logo.jpeg [32m200[0m 23.163 ms - 12886[0m
[0mGET /images/corporative/JQ_APCAS.jpg [32m200[0m 23.727 ms - 86981[0m
[0mGET /images/corporative/whatsapp.png [32m200[0m 22.810 ms - 152291[0m
[0mGET /images/corporative/JQ_fotoportada2_jpg.png [32m200[0m 32.342 ms - 892649[0m
[0mGET /images/corporative/JQ_chirimoya.jpg [32m200[0m 28.098 ms - 795782[0m
[0mGET /images/corporative/JQ_detalle-12.jpg [32m200[0m 23.981 ms - 1059573[0m
[0mGET /images/corporative/JQ_foto.png [32m200[0m 30.556 ms - 1711132[0m
[0mGET /intranet [36m302[0m 1.150 ms - 74[0m
[0mGET /intranet/login [32m200[0m 29.588 ms - 1750[0m
[0mGET /css/intranet/common/common-spinner.css [32m200[0m 2.842 ms - 2711[0m
[0mGET /css/intranet/authentication/login.css [32m200[0m 3.160 ms - 2176[0m
[0mGET /scripts/intranet/common/common-spinner.js [32m200[0m 5.205 ms - 390[0m
[0mGET /images/logo.png [32m200[0m 4.875 ms - 10133[0m
[0mGET /scripts/intranet/authentication/login.js [32m200[0m 4.580 ms - 1725[0m
[0mGET /scripts/utils/jquery-3.6.0.js [32m200[0m 5.886 ms - 89503[0m
[0mGET /fonts/Roboto-Regular.ttf [32m200[0m 1.295 ms - 168260[0m
[0mPOST /intranet/login [36m302[0m 194.955 ms - 62[0m
[0mGET /intranet [36m302[0m 2.868 ms - 62[0m
[0mGET /clientes [32m200[0m 59.087 ms - 4056[0m
[0mGET /css/intranet/inicio/inicio.css [32m200[0m 20.381 ms - 3153[0m
[0mGET /css/intranet/common/common-spinner.css [32m200[0m 15.520 ms - 2711[0m
[0mGET /scripts/intranet/common/common-spinner.js [32m200[0m 15.592 ms - 390[0m
[0mGET /css/intranet/common/common-left-menu.css [32m200[0m 15.342 ms - 1822[0m
[0mGET /css/intranet/common/common.css [32m200[0m 17.384 ms - 749[0m
[0mGET /css/intranet/common/common-main-container.css [32m200[0m 17.255 ms - 1033[0m
[0mGET /css/intranet/common/common-header.css [32m200[0m 17.061 ms - 3861[0m
[0mGET /scripts/intranet/common/common.js [32m200[0m 23.038 ms - 225[0m
[0mGET /scripts/intranet/common/header.js [32m200[0m 21.816 ms - 773[0m
[0mGET /scripts/utils/jquery-3.6.0.js [32m200[0m 22.915 ms - 89503[0m
[0mGET /scripts/intranet/inicio/graficos.js [32m200[0m 21.210 ms - 376[0m
[0mGET /scripts/intranet/inicio/inicio.js [32m200[0m 20.861 ms - 167[0m
[0mGET /images/corporative/JQ_logo.png [32m200[0m 21.034 ms - 72166[0m
[0mGET /fonts/Roboto-Regular.ttf [32m200[0m 16.840 ms - 168260[0m
[0mGET /favicon.jpg [32m200[0m 2.692 ms - 2534[0m
[0mGET /clientes/controles [36m302[0m 2.967 ms - 86[0m
[0mGET /clientes/controles/1 [32m200[0m 368.409 ms - 23322[0m
[0mGET /css/intranet/controles/controles-list.css [32m200[0m 21.683 ms - 1382[0m
[0mGET /css/intranet/common/common.css [32m200[0m 26.424 ms - 749[0m
[0mGET /css/intranet/common/common-left-menu.css [32m200[0m 26.300 ms - 1822[0m
[0mGET /css/intranet/common/common-spinner.css [32m200[0m 25.745 ms - 2711[0m
[0mGET /css/intranet/common/common-list-table.css [32m200[0m 25.736 ms - 793[0m
[0mGET /css/intranet/common/common-header.css [32m200[0m 24.982 ms - 3861[0m
[0mGET /scripts/intranet/common/common-spinner.js [32m200[0m 26.226 ms - 390[0m
[0mGET /css/intranet/common/common-main-container.css [32m200[0m 26.067 ms - 1033[0m
[0mGET /css/intranet/common/common-search.css [32m200[0m 25.992 ms - 1647[0m
[0mGET /scripts/intranet/common/common-search.js [32m200[0m 14.309 ms - 112[0m
[0mGET /images/corporative/JQ_logo.png [32m200[0m 13.779 ms - 72166[0m
[0mGET /scripts/intranet/common/header.js [32m200[0m 13.937 ms - 773[0m
[0mGET /scripts/intranet/controles/controles-list.js [32m200[0m 12.772 ms - 1763[0m
[0mGET /scripts/intranet/common/common.js [32m200[0m 12.096 ms - 225[0m
[0mGET /fonts/Roboto-Regular.ttf [32m200[0m 4.439 ms - 168260[0m
[0mGET /scripts/utils/jquery-3.6.0.js [32m200[0m 14.236 ms - 89503[0m
[0mGET /favicon.jpg [32m200[0m 2.550 ms - 2534[0m
[0mGET /clientes/controles/en/1 [32m200[0m 359.448 ms - 24451[0m
[0mGET /css/intranet/common/common-header.css [32m200[0m 8.483 ms - 3861[0m
[0mGET /scripts/intranet/common/common-spinner.js [32m200[0m 8.447 ms - 390[0m
[0mGET /css/intranet/common/common-list-table.css [32m200[0m 8.457 ms - 793[0m
[0mGET /css/intranet/common/common-search.css [32m200[0m 8.058 ms - 1647[0m
[0mGET /scripts/intranet/common/common.js [32m200[0m 12.566 ms - 225[0m
[0mGET /scripts/utils/jquery-3.6.0.js [32m200[0m 13.350 ms - 89503[0m
[0mGET /scripts/intranet/common/header.js [32m200[0m 12.284 ms - 773[0m
[0mGET /scripts/intranet/controles/en/controles-list.js [32m200[0m 10.275 ms - 1791[0m
[0mGET /scripts/intranet/common/common-search.js [32m200[0m 10.873 ms - 112[0m
[0mGET /images/corporative/JQ_logo.png [32m200[0m 10.860 ms - 72166[0m
[0mGET /clientes/controles/en/1 [32m200[0m 318.094 ms - 24451[0m
[0mGET /css/intranet/common/common-list-table.css [32m200[0m 20.878 ms - 793[0m
[0mGET /css/intranet/common/common-header.css [32m200[0m 20.658 ms - 3861[0m
[0mGET /css/intranet/common/common.css [32m200[0m 19.984 ms - 749[0m
[0mGET /css/intranet/common/common-left-menu.css [32m200[0m 19.878 ms - 1822[0m
[0mGET /css/intranet/controles/controles-list.css [32m200[0m 19.745 ms - 1382[0m
[0mGET /css/intranet/common/common-spinner.css [32m200[0m 19.843 ms - 2711[0m
[0mGET /scripts/intranet/common/common-spinner.js [32m200[0m 20.723 ms - 390[0m
[0mGET /css/intranet/common/common-search.css [32m200[0m 20.522 ms - 1647[0m
[0mGET /css/intranet/common/common-main-container.css [32m200[0m 20.444 ms - 1033[0m
[0mGET /scripts/intranet/common/common.js [32m200[0m 3.922 ms - 225[0m
[0mGET /scripts/utils/jquery-3.6.0.js [32m200[0m 3.837 ms - 89503[0m
[0mGET /scripts/intranet/controles/en/controles-list.js [32m200[0m 13.195 ms - 1791[0m
[0mGET /scripts/intranet/common/common-search.js [32m200[0m 12.789 ms - 112[0m
[0mGET /scripts/intranet/common/header.js [32m200[0m 12.185 ms - 773[0m
[0mGET /images/corporative/JQ_logo.png [32m200[0m 14.010 ms - 72166[0m
[0mGET /fonts/Roboto-Regular.ttf [32m200[0m 11.646 ms - 168260[0m
[0mGET /favicon.jpg [32m200[0m 2.675 ms - 2534[0m
[0mGET /clientes/controles/en/3 [32m200[0m 278.044 ms - 23289[0m
[0mGET /css/intranet/common/common-left-menu.css [32m200[0m 21.427 ms - 1822[0m
[0mGET /css/intranet/common/common.css [32m200[0m 19.533 ms - 749[0m
[0mGET /css/intranet/common/common-header.css [32m200[0m 19.422 ms - 3861[0m
[0mGET /css/intranet/common/common-main-container.css [32m200[0m 19.263 ms - 1033[0m
[0mGET /css/intranet/controles/controles-list.css [32m200[0m 19.111 ms - 1382[0m
[0mGET /css/intranet/common/common-spinner.css [32m200[0m 18.947 ms - 2711[0m
[0mGET /css/intranet/common/common-list-table.css [32m200[0m 18.844 ms - 793[0m
[0mGET /scripts/intranet/common/common-spinner.js [32m200[0m 18.409 ms - 390[0m
[0mGET /css/intranet/common/common-search.css [32m200[0m 18.208 ms - 1647[0m
[0mGET /scripts/intranet/common/header.js [32m200[0m 11.933 ms - 773[0m
[0mGET /scripts/intranet/common/common.js [32m200[0m 12.480 ms - 225[0m
[0mGET /scripts/intranet/controles/en/controles-list.js [32m200[0m 11.616 ms - 1791[0m
[0mGET /scripts/intranet/common/common-search.js [32m200[0m 12.065 ms - 112[0m
[0mGET /scripts/utils/jquery-3.6.0.js [32m200[0m 11.095 ms - 89503[0m
[0mGET /images/corporative/JQ_logo.png [32m200[0m 10.653 ms - 72166[0m
[0mGET /fonts/Roboto-Regular.ttf [32m200[0m 5.868 ms - 168260[0m
[0mGET /favicon.jpg [32m200[0m 2.928 ms - 2534[0m
[0mGET /clientes/controles/en/4 [32m200[0m 313.611 ms - 23253[0m
[0mGET /css/intranet/common/common-left-menu.css [32m200[0m 21.606 ms - 1822[0m
[0mGET /css/intranet/common/common-header.css [32m200[0m 21.498 ms - 3861[0m
[0mGET /css/intranet/common/common.css [32m200[0m 16.942 ms - 749[0m
[0mGET /css/intranet/common/common-main-container.css [32m200[0m 16.977 ms - 1033[0m
[0mGET /css/intranet/common/common-spinner.css [32m200[0m 15.720 ms - 2711[0m
[0mGET /css/intranet/controles/controles-list.css [32m200[0m 15.629 ms - 1382[0m
[0mGET /css/intranet/common/common-list-table.css [32m200[0m 15.186 ms - 793[0m
[0mGET /scripts/intranet/common/common-spinner.js [32m200[0m 15.794 ms - 390[0m
[0mGET /css/intranet/common/common-search.css [32m200[0m 15.624 ms - 1647[0m
[0mGET /scripts/intranet/common/common.js [32m200[0m 10.992 ms - 225[0m
[0mGET /scripts/intranet/controles/en/controles-list.js [32m200[0m 10.597 ms - 1791[0m
[0mGET /scripts/intranet/common/header.js [32m200[0m 10.520 ms - 773[0m
[0mGET /scripts/intranet/common/common-search.js [32m200[0m 10.434 ms - 112[0m
[0mGET /scripts/utils/jquery-3.6.0.js [32m200[0m 11.045 ms - 89503[0m
[0mGET /images/corporative/JQ_logo.png [32m200[0m 10.353 ms - 72166[0m
[0mGET /fonts/Roboto-Regular.ttf [32m200[0m 2.828 ms - 168260[0m
[0mGET /favicon.jpg [32m200[0m 3.160 ms - 2534[0m
[0mGET /clientes/controles/en/3 [32m200[0m 317.909 ms - 23289[0m
[0mGET /css/intranet/common/common-left-menu.css [32m200[0m 17.447 ms - 1822[0m
[0mGET /css/intranet/common/common-header.css [32m200[0m 17.471 ms - 3861[0m
[0mGET /css/intranet/common/common-spinner.css [32m200[0m 19.078 ms - 2711[0m
[0mGET /css/intranet/common/common-main-container.css [32m200[0m 18.234 ms - 1033[0m
[0mGET /css/intranet/common/common.css [32m200[0m 19.726 ms - 749[0m
[0mGET /css/intranet/controles/controles-list.css [32m200[0m 18.516 ms - 1382[0m
[0mGET /scripts/intranet/common/common-spinner.js [32m200[0m 18.794 ms - 390[0m
[0mGET /css/intranet/common/common-list-table.css [32m200[0m 18.447 ms - 793[0m
[0mGET /css/intranet/common/common-search.css [32m200[0m 18.265 ms - 1647[0m
[0mGET /scripts/intranet/common/header.js [32m200[0m 12.087 ms - 773[0m
[0mGET /scripts/intranet/common/common.js [32m200[0m 11.873 ms - 225[0m
[0mGET /scripts/utils/jquery-3.6.0.js [32m200[0m 12.914 ms - 89503[0m
[0mGET /scripts/intranet/controles/en/controles-list.js [32m200[0m 9.543 ms - 1791[0m
[0mGET /scripts/intranet/common/common-search.js [32m200[0m 9.479 ms - 112[0m
[0mGET /images/corporative/JQ_logo.png [32m200[0m 10.577 ms - 72166[0m
[0mGET /fonts/Roboto-Regular.ttf [32m200[0m 2.740 ms - 168260[0m
[0mGET /favicon.jpg [32m200[0m 3.140 ms - 2534[0m
[0mGET /intranet [36m302[0m 2.336 ms - 62[0m
[0mGET /clientes [32m200[0m 41.460 ms - 4056[0m
[0mGET /css/intranet/common/common-header.css [32m200[0m 2.852 ms - 3861[0m
[0mGET /css/intranet/common/common.css [32m200[0m 11.163 ms - 749[0m
[0mGET /css/intranet/common/common-main-container.css [32m200[0m 11.097 ms - 1033[0m
[0mGET /css/intranet/common/common-left-menu.css [32m200[0m 11.013 ms - 1822[0m
[0mGET /css/intranet/common/common-spinner.css [32m200[0m 10.510 ms - 2711[0m
[0mGET /scripts/intranet/common/common-spinner.js [32m200[0m 10.366 ms - 390[0m
[0mGET /css/intranet/inicio/inicio.css [32m200[0m 10.246 ms - 3153[0m
[0mGET /scripts/intranet/common/header.js [32m200[0m 11.793 ms - 773[0m
[0mGET /scripts/intranet/common/common.js [32m200[0m 10.685 ms - 225[0m
[0mGET /scripts/intranet/inicio/graficos.js [32m200[0m 10.418 ms - 376[0m
[0mGET /scripts/intranet/inicio/inicio.js [32m200[0m 10.408 ms - 167[0m
[0mGET /scripts/utils/jquery-3.6.0.js [32m200[0m 11.840 ms - 89503[0m
[0mGET /images/corporative/JQ_logo.png [32m200[0m 11.938 ms - 72166[0m
[0mGET /fonts/Roboto-Regular.ttf [32m200[0m 2.869 ms - 168260[0m
[0mGET /favicon.jpg [32m200[0m 2.528 ms - 2534[0m
[0mGET /intranet/logout [36m302[0m 8.813 ms - 46[0m
[0mGET / [32m200[0m 26.484 ms - 14415[0m
[0mGET /css/corporative/spinner.css [32m200[0m 3.837 ms - 584[0m
[0mGET /scripts/corporative/spinner.js [32m200[0m 3.582 ms - -[0m
[0mGET /css/corporative/styles.css [32m200[0m 3.049 ms - 244[0m
[0mGET /images/corporative/JQ_linkedin.png [32m200[0m 5.062 ms - 16677[0m
[0mGET /images/corporative/JQ_logo.png [32m200[0m 5.614 ms - 72166[0m
[0mGET /images/corporative/JQ_espa%C3%B1ol.png [32m200[0m 28.341 ms - 16122[0m
[0mGET /images/corporative/JQ_english.png [32m200[0m 27.207 ms - 18011[0m
[0mGET /images/corporative/JQ_cualificacion.png [32m200[0m 26.355 ms - 16099[0m
[0mGET /images/corporative/JQ_porximidad.png [32m200[0m 26.097 ms - 17054[0m
[0mGET /images/corporative/JQ_conocimiento.png [32m200[0m 27.717 ms - 21236[0m
[0mGET /images/corporative/JQ_informes.png [32m200[0m 27.473 ms - 14449[0m
[0mGET /images/corporative/JQ_30a%C3%B1os.png [32m200[0m 29.642 ms - 71248[0m
[0mGET /images/corporative/JQ_auriculares.png [32m200[0m 22.584 ms - 16245[0m
[0mGET /images/corporative/JQ_sobre.png [32m200[0m 22.366 ms - 13866[0m
[0mGET /images/corporative/brc-logo.jpeg [32m200[0m 21.091 ms - 8616[0m
[0mGET /images/corporative/gap-logo.jpeg [32m200[0m 20.844 ms - 12886[0m
[0mGET /images/corporative/ifs-logo.jpeg [32m200[0m 20.622 ms - 9464[0m
[0mGET /images/corporative/mh-logo.jpeg [32m200[0m 19.813 ms - 7755[0m
[0mGET /images/corporative/JQ_APCAS.jpg [32m200[0m 20.378 ms - 86981[0m
[0mGET /images/corporative/whatsapp.png [32m200[0m 21.657 ms - 152291[0m
[0mGET /images/corporative/JQ_fotoportada2_jpg.png [32m200[0m 27.007 ms - 892649[0m
[0mGET /images/corporative/JQ_chirimoya.jpg [32m200[0m 23.226 ms - 795782[0m
[0mGET /images/corporative/JQ_detalle-12.jpg [32m200[0m 22.222 ms - 1059573[0m
[0mGET /images/corporative/JQ_foto.png [32m200[0m 27.887 ms - 1711132[0m
[0mGET /intranet [36m302[0m 1.397 ms - 74[0m
[0mGET /intranet/login [32m200[0m 18.699 ms - 1750[0m
[0mGET /css/intranet/common/common-spinner.css [32m200[0m 2.672 ms - 2711[0m
[0mGET /css/intranet/authentication/login.css [32m200[0m 2.341 ms - 2176[0m
[0mGET /scripts/intranet/common/common-spinner.js [32m200[0m 5.160 ms - 390[0m
[0mGET /scripts/intranet/authentication/login.js [32m200[0m 4.976 ms - 1725[0m
[0mGET /images/logo.png [32m200[0m 4.638 ms - 10133[0m
[0mGET /scripts/utils/jquery-3.6.0.js [32m200[0m 5.745 ms - 89503[0m
[0mGET /fonts/Roboto-Regular.ttf [32m200[0m 2.167 ms - 168260[0m
[0mPOST /intranet/login [36m302[0m 128.755 ms - 62[0m
[0mGET /intranet [32m200[0m 44.305 ms - 4396[0m
[0mGET /css/intranet/common/common-header.css [32m200[0m 2.735 ms - 3861[0m
[0mGET /css/intranet/common/common-main-container.css [32m200[0m 12.674 ms - 1033[0m
[0mGET /css/intranet/common/common.css [32m200[0m 11.910 ms - 749[0m
[0mGET /css/intranet/common/common-spinner.css [32m200[0m 11.611 ms - 2711[0m
[0mGET /css/intranet/common/common-left-menu.css [32m200[0m 11.457 ms - 1822[0m
[0mGET /scripts/intranet/common/common-spinner.js [32m200[0m 11.364 ms - 390[0m
[0mGET /css/intranet/inicio/inicio.css [32m200[0m 10.611 ms - 3153[0m
[0mGET /scripts/intranet/common/common.js [32m200[0m 16.536 ms - 225[0m
[0mGET /scripts/utils/jquery-3.6.0.js [32m200[0m 16.787 ms - 89503[0m
[0mGET /scripts/intranet/common/header.js [32m200[0m 15.506 ms - 773[0m
[0mGET /scripts/intranet/inicio/graficos.js [32m200[0m 13.842 ms - 376[0m
[0mGET /scripts/intranet/inicio/inicio.js [32m200[0m 13.809 ms - 167[0m
[0mGET /images/corporative/JQ_logo.png [32m200[0m 14.165 ms - 72166[0m
[0mGET /fonts/Roboto-Regular.ttf [32m200[0m 13.555 ms - 168260[0m
[0mGET /favicon.jpg [32m200[0m 2.648 ms - 2534[0m
[0mGET /intranet/controles [36m302[0m 3.227 ms - 86[0m
total español
[0mGET /intranet/controles/1 [32m200[0m 353.559 ms - 60774[0m
[0mGET /css/intranet/common/common-header.css [32m200[0m 2.530 ms - 3861[0m
[0mGET /css/intranet/common/common-left-menu.css [32m200[0m 14.219 ms - 1822[0m
[0mGET /css/intranet/common/common.css [32m200[0m 14.215 ms - 749[0m
[0mGET /css/intranet/common/common-main-container.css [32m200[0m 14.147 ms - 1033[0m
[0mGET /css/intranet/common/common-spinner.css [32m200[0m 13.875 ms - 2711[0m
[0mGET /css/intranet/controles/controles-list.css [32m200[0m 13.810 ms - 1382[0m
[0mGET /scripts/intranet/common/common-spinner.js [32m200[0m 13.734 ms - 390[0m
[0mGET /css/intranet/common/common-list-table.css [32m200[0m 13.725 ms - 793[0m
[0mGET /css/intranet/common/common-search.css [32m200[0m 14.117 ms - 1647[0m
[0mGET /scripts/intranet/common/header.js [32m200[0m 10.903 ms - 773[0m
[0mGET /scripts/intranet/common/common-search.js [32m200[0m 10.014 ms - 112[0m
[0mGET /scripts/intranet/common/common.js [32m200[0m 10.789 ms - 225[0m
[0mGET /scripts/intranet/controles/controles-list.js [32m200[0m 10.874 ms - 1763[0m
[0mGET /scripts/utils/jquery-3.6.0.js [32m200[0m 10.490 ms - 89503[0m
[0mGET /images/corporative/JQ_logo.png [32m200[0m 10.575 ms - 72166[0m
[0mGET /fonts/Roboto-Regular.ttf [32m200[0m 5.235 ms - 168260[0m
[0mGET /favicon.jpg [32m200[0m 2.706 ms - 2534[0m
